process 952249 run  {"Event":"log","Body":{"LogLevel":"INFORMATION","Name":"OmniSharp.Stdio.Host","Message":"Starting OmniSharp on arch 0.0 (x64)"},"Seq":1,"Type":"event"}
process 952249 run  {"Event":"log","Body":{"LogLevel":"INFORMATION","Name":"OmniSharp.Services.DotNetCliService","Message":"DotNetPath set to dotnet"},"Seq":2,"Type":"event"}
process 952249 run  {"Event":"log","Body":{"LogLevel":"INFORMATION","Name":"OmniSharp.MSBuild.Discovery.MSBuildLocator","Message":"Located 1 MSBuild instance(s)\n            1: StandAlone 16.3 - \"/home/paddi/.omnisharp/omnisharp-roslyn/omnisharp/.msbuild/Current/Bin\""},"Seq":3,"Type":"event"}
process 952249 run  {"Event":"log","Body":{"LogLevel":"INFORMATION","Name":"OmniSharp.MSBuild.Discovery.MSBuildLocator","Message":"MSBUILD_EXE_PATH environment variable set to '/home/paddi/.omnisharp/omnisharp-roslyn/omnisharp/.msbuild/Current/Bin/MSBuild.dll'"},"Seq":4,"Type":"event"}
process 952249 run  {"Event":"log","Body":{"LogLevel":"INFORMATION","Name":"OmniSharp.MSBuild.Discovery.MSBuildLocator","Message":"Registered MSBuild instance: StandAlone 16.3 - \"/home/paddi/.omnisharp/omnisharp-roslyn/omnisharp/.msbuild/Current/Bin\"\n            CscToolExe = csc.exe\n            MSBuildToolsPath = /home/paddi/.omnisharp/omnisharp-roslyn/omnisharp/.msbuild/Current/Bin\n            CscToolPath = /home/paddi/.omnisharp/omnisharp-roslyn/omnisharp/.msbuild/Current/Bin/Roslyn\n            BypassFrameworkInstallChecks = true\n            MSBuildExtensionsPath = /home/paddi/.omnisharp/omnisharp-roslyn/omnisharp/.msbuild"},"Seq":5,"Type":"event"}
process 952249 run  {"Event":"log","Body":{"LogLevel":"INFORMATION","Name":"OmniSharp.Cake.CakeProjectSystem","Message":"Detecting Cake files in '/home/paddi/Projects/Websites/Kolan'."},"Seq":6,"Type":"event"}
process 952249 run  {"Event":"log","Body":{"LogLevel":"INFORMATION","Name":"OmniSharp.Cake.CakeProjectSystem","Message":"Could not find any Cake files"},"Seq":7,"Type":"event"}
process 952249 run  {"Event":"log","Body":{"LogLevel":"INFORMATION","Name":"OmniSharp.MSBuild.ProjectSystem","Message":"Detecting projects in '/home/paddi/Projects/Websites/Kolan/Kolan.sln'."},"Seq":8,"Type":"event"}
process 952249 run  {"Event":"log","Body":{"LogLevel":"INFORMATION","Name":"OmniSharp.MSBuild.ProjectManager","Message":"Queue project update for '/home/paddi/Projects/Websites/Kolan/Kolan/Kolan.csproj'"},"Seq":9,"Type":"event"}
process 952249 run  {"Event":"log","Body":{"LogLevel":"INFORMATION","Name":"OmniSharp.MSBuild.ProjectManager","Message":"Queue project update for '/home/paddi/Projects/Websites/Kolan/Kolan.Tests/Kolan.Tests.csproj'"},"Seq":10,"Type":"event"}
process 952249 run  {"Event":"log","Body":{"LogLevel":"INFORMATION","Name":"OmniSharp.Script.ScriptProjectSystem","Message":"Detecting CSX files in '/home/paddi/Projects/Websites/Kolan'."},"Seq":11,"Type":"event"}
process 952249 run  {"Event":"log","Body":{"LogLevel":"INFORMATION","Name":"OmniSharp.Script.ScriptProjectSystem","Message":"Could not find any CSX files"},"Seq":12,"Type":"event"}
process 952249 run  {"Event":"log","Body":{"LogLevel":"INFORMATION","Name":"OmniSharp.WorkspaceInitializer","Message":"Invoking Workspace Options Provider: OmniSharp.Roslyn.CSharp.Services.CSharpFormattingWorkspaceOptionsProvider, Order: 0"},"Seq":13,"Type":"event"}
process 952249 run  {"Event":"log","Body":{"LogLevel":"INFORMATION","Name":"OmniSharp.MSBuild.ProjectManager","Message":"Loading project: /home/paddi/Projects/Websites/Kolan/Kolan/Kolan.csproj"},"Seq":14,"Type":"event"}
process 952249 run  {"Event":"log","Body":{"LogLevel":"INFORMATION","Name":"OmniSharp.WorkspaceInitializer","Message":"Invoking Workspace Options Provider: OmniSharp.Roslyn.CSharp.Services.RenameWorkspaceOptionsProvider, Order: 100"},"Seq":15,"Type":"event"}
process 952249 run  {"Event":"log","Body":{"LogLevel":"INFORMATION","Name":"OmniSharp.WorkspaceInitializer","Message":"Invoking Workspace Options Provider: OmniSharp.Roslyn.CSharp.Services.EditorConfigWorkspaceOptionsProvider, Order: 200"},"Seq":16,"Type":"event"}
process 952249 run  {"Event":"log","Body":{"LogLevel":"INFORMATION","Name":"OmniSharp.WorkspaceInitializer","Message":"Configuration finished."},"Seq":17,"Type":"event"}
process 952249 run  {"Event":"log","Body":{"LogLevel":"INFORMATION","Name":"OmniSharp.Stdio.Host","Message":"Omnisharp server running using Stdio at location '/home/paddi/Projects/Websites/Kolan' on host -1."},"Seq":18,"Type":"event"}
process 952249 run  {"Event":"log","Body":{"LogLevel":"INFORMATION","Name":"OmniSharp.MSBuild.ProjectManager","Message":"Successfully loaded project file '/home/paddi/Projects/Websites/Kolan/Kolan/Kolan.csproj'."},"Seq":20,"Type":"event"}
process 952249 run  {"Event":"log","Body":{"LogLevel":"INFORMATION","Name":"OmniSharp.MSBuild.ProjectManager","Message":"Adding project '/home/paddi/Projects/Websites/Kolan/Kolan/Kolan.csproj'"},"Seq":22,"Type":"event"}
process 952249 run  {"Event":"log","Body":{"LogLevel":"INFORMATION","Name":"OmniSharp.MSBuild.ProjectManager","Message":"Loading project: /home/paddi/Projects/Websites/Kolan/Kolan.Tests/Kolan.Tests.csproj"},"Seq":23,"Type":"event"}
process 952249 run  {"Event":"log","Body":{"LogLevel":"INFORMATION","Name":"OmniSharp.MSBuild.ProjectManager","Message":"Successfully loaded project file '/home/paddi/Projects/Websites/Kolan/Kolan.Tests/Kolan.Tests.csproj'."},"Seq":24,"Type":"event"}
process 952249 run  {"Event":"log","Body":{"LogLevel":"INFORMATION","Name":"OmniSharp.MSBuild.ProjectManager","Message":"Adding project '/home/paddi/Projects/Websites/Kolan/Kolan.Tests/Kolan.Tests.csproj'"},"Seq":26,"Type":"event"}
process 952249 run  {"Event":"log","Body":{"LogLevel":"INFORMATION","Name":"OmniSharp.MSBuild.ProjectManager","Message":"Update project: Kolan"},"Seq":27,"Type":"event"}
process 952249 run  {"Event":"log","Body":{"LogLevel":"INFORMATION","Name":"OmniSharp.MSBuild.ProjectManager","Message":"Update project: Kolan.Tests"},"Seq":29,"Type":"event"}
process 954476 run  {"Event":"log","Body":{"LogLevel":"INFORMATION","Name":"OmniSharp.Stdio.Host","Message":"Starting OmniSharp on arch 0.0 (x64)"},"Seq":1,"Type":"event"}
process 954476 run  {"Event":"log","Body":{"LogLevel":"INFORMATION","Name":"OmniSharp.Services.DotNetCliService","Message":"DotNetPath set to dotnet"},"Seq":2,"Type":"event"}
process 954476 run  {"Event":"log","Body":{"LogLevel":"INFORMATION","Name":"OmniSharp.MSBuild.Discovery.MSBuildLocator","Message":"Located 1 MSBuild instance(s)\n            1: StandAlone 16.3 - \"/home/paddi/.omnisharp/omnisharp-roslyn/omnisharp/.msbuild/Current/Bin\""},"Seq":3,"Type":"event"}
process 954476 run  {"Event":"log","Body":{"LogLevel":"INFORMATION","Name":"OmniSharp.MSBuild.Discovery.MSBuildLocator","Message":"MSBUILD_EXE_PATH environment variable set to '/home/paddi/.omnisharp/omnisharp-roslyn/omnisharp/.msbuild/Current/Bin/MSBuild.dll'"},"Seq":4,"Type":"event"}
process 954476 run  {"Event":"log","Body":{"LogLevel":"INFORMATION","Name":"OmniSharp.MSBuild.Discovery.MSBuildLocator","Message":"Registered MSBuild instance: StandAlone 16.3 - \"/home/paddi/.omnisharp/omnisharp-roslyn/omnisharp/.msbuild/Current/Bin\"\n            CscToolExe = csc.exe\n            MSBuildToolsPath = /home/paddi/.omnisharp/omnisharp-roslyn/omnisharp/.msbuild/Current/Bin\n            CscToolPath = /home/paddi/.omnisharp/omnisharp-roslyn/omnisharp/.msbuild/Current/Bin/Roslyn\n            BypassFrameworkInstallChecks = true\n            MSBuildExtensionsPath = /home/paddi/.omnisharp/omnisharp-roslyn/omnisharp/.msbuild"},"Seq":5,"Type":"event"}
process 954476 run  {"Event":"log","Body":{"LogLevel":"INFORMATION","Name":"OmniSharp.Cake.CakeProjectSystem","Message":"Detecting Cake files in '/home/paddi/Projects/Websites/Kolan'."},"Seq":6,"Type":"event"}
process 954476 run  {"Event":"log","Body":{"LogLevel":"INFORMATION","Name":"OmniSharp.Cake.CakeProjectSystem","Message":"Could not find any Cake files"},"Seq":7,"Type":"event"}
process 954476 run  {"Event":"log","Body":{"LogLevel":"INFORMATION","Name":"OmniSharp.MSBuild.ProjectSystem","Message":"Detecting projects in '/home/paddi/Projects/Websites/Kolan/Kolan.sln'."},"Seq":8,"Type":"event"}
process 954476 run  {"Event":"log","Body":{"LogLevel":"INFORMATION","Name":"OmniSharp.MSBuild.ProjectManager","Message":"Queue project update for '/home/paddi/Projects/Websites/Kolan/Kolan/Kolan.csproj'"},"Seq":9,"Type":"event"}
process 954476 run  {"Event":"log","Body":{"LogLevel":"INFORMATION","Name":"OmniSharp.MSBuild.ProjectManager","Message":"Queue project update for '/home/paddi/Projects/Websites/Kolan/Kolan.Tests/Kolan.Tests.csproj'"},"Seq":10,"Type":"event"}
process 954476 run  {"Event":"log","Body":{"LogLevel":"INFORMATION","Name":"OmniSharp.Script.ScriptProjectSystem","Message":"Detecting CSX files in '/home/paddi/Projects/Websites/Kolan'."},"Seq":11,"Type":"event"}
process 954476 run  {"Event":"log","Body":{"LogLevel":"INFORMATION","Name":"OmniSharp.Script.ScriptProjectSystem","Message":"Could not find any CSX files"},"Seq":12,"Type":"event"}
process 954476 run  {"Event":"log","Body":{"LogLevel":"INFORMATION","Name":"OmniSharp.WorkspaceInitializer","Message":"Invoking Workspace Options Provider: OmniSharp.Roslyn.CSharp.Services.CSharpFormattingWorkspaceOptionsProvider, Order: 0"},"Seq":13,"Type":"event"}
process 954476 run  {"Event":"log","Body":{"LogLevel":"INFORMATION","Name":"OmniSharp.MSBuild.ProjectManager","Message":"Loading project: /home/paddi/Projects/Websites/Kolan/Kolan/Kolan.csproj"},"Seq":14,"Type":"event"}
process 954476 run  {"Event":"log","Body":{"LogLevel":"INFORMATION","Name":"OmniSharp.WorkspaceInitializer","Message":"Invoking Workspace Options Provider: OmniSharp.Roslyn.CSharp.Services.RenameWorkspaceOptionsProvider, Order: 100"},"Seq":15,"Type":"event"}
process 954476 run  {"Event":"log","Body":{"LogLevel":"INFORMATION","Name":"OmniSharp.WorkspaceInitializer","Message":"Invoking Workspace Options Provider: OmniSharp.Roslyn.CSharp.Services.EditorConfigWorkspaceOptionsProvider, Order: 200"},"Seq":16,"Type":"event"}
process 954476 run  {"Event":"log","Body":{"LogLevel":"INFORMATION","Name":"OmniSharp.WorkspaceInitializer","Message":"Configuration finished."},"Seq":17,"Type":"event"}
process 954476 run  {"Event":"log","Body":{"LogLevel":"INFORMATION","Name":"OmniSharp.Stdio.Host","Message":"Omnisharp server running using Stdio at location '/home/paddi/Projects/Websites/Kolan' on host -1."},"Seq":18,"Type":"event"}
process 954476 run  {"Event":"log","Body":{"LogLevel":"INFORMATION","Name":"OmniSharp.MSBuild.ProjectManager","Message":"Successfully loaded project file '/home/paddi/Projects/Websites/Kolan/Kolan/Kolan.csproj'."},"Seq":20,"Type":"event"}
process 954476 run  {"Event":"log","Body":{"LogLevel":"INFORMATION","Name":"OmniSharp.MSBuild.ProjectManager","Message":"Adding project '/home/paddi/Projects/Websites/Kolan/Kolan/Kolan.csproj'"},"Seq":22,"Type":"event"}
process 954476 run  {"Event":"log","Body":{"LogLevel":"INFORMATION","Name":"OmniSharp.MSBuild.ProjectManager","Message":"Loading project: /home/paddi/Projects/Websites/Kolan/Kolan.Tests/Kolan.Tests.csproj"},"Seq":23,"Type":"event"}
process 954476 run  {"Event":"log","Body":{"LogLevel":"INFORMATION","Name":"OmniSharp.MSBuild.ProjectManager","Message":"Successfully loaded project file '/home/paddi/Projects/Websites/Kolan/Kolan.Tests/Kolan.Tests.csproj'."},"Seq":24,"Type":"event"}
process 954476 run  {"Event":"log","Body":{"LogLevel":"INFORMATION","Name":"OmniSharp.MSBuild.ProjectManager","Message":"Adding project '/home/paddi/Projects/Websites/Kolan/Kolan.Tests/Kolan.Tests.csproj'"},"Seq":26,"Type":"event"}
process 954476 run  {"Event":"log","Body":{"LogLevel":"INFORMATION","Name":"OmniSharp.MSBuild.ProjectManager","Message":"Update project: Kolan"},"Seq":27,"Type":"event"}
process 954476 run  {"Event":"log","Body":{"LogLevel":"INFORMATION","Name":"OmniSharp.MSBuild.ProjectManager","Message":"Update project: Kolan.Tests"},"Seq":29,"Type":"event"}
process 955272 run  {"Event":"log","Body":{"LogLevel":"INFORMATION","Name":"OmniSharp.Stdio.Host","Message":"Starting OmniSharp on arch 0.0 (x64)"},"Seq":1,"Type":"event"}
process 955272 run  {"Event":"log","Body":{"LogLevel":"INFORMATION","Name":"OmniSharp.Services.DotNetCliService","Message":"DotNetPath set to dotnet"},"Seq":2,"Type":"event"}
process 955272 run  {"Event":"log","Body":{"LogLevel":"INFORMATION","Name":"OmniSharp.MSBuild.Discovery.MSBuildLocator","Message":"Located 1 MSBuild instance(s)\n            1: StandAlone 16.3 - \"/home/paddi/.omnisharp/omnisharp-roslyn/omnisharp/.msbuild/Current/Bin\""},"Seq":3,"Type":"event"}
process 955272 run  {"Event":"log","Body":{"LogLevel":"INFORMATION","Name":"OmniSharp.MSBuild.Discovery.MSBuildLocator","Message":"MSBUILD_EXE_PATH environment variable set to '/home/paddi/.omnisharp/omnisharp-roslyn/omnisharp/.msbuild/Current/Bin/MSBuild.dll'"},"Seq":4,"Type":"event"}
process 955272 run  {"Event":"log","Body":{"LogLevel":"INFORMATION","Name":"OmniSharp.MSBuild.Discovery.MSBuildLocator","Message":"Registered MSBuild instance: StandAlone 16.3 - \"/home/paddi/.omnisharp/omnisharp-roslyn/omnisharp/.msbuild/Current/Bin\"\n            CscToolExe = csc.exe\n            MSBuildToolsPath = /home/paddi/.omnisharp/omnisharp-roslyn/omnisharp/.msbuild/Current/Bin\n            CscToolPath = /home/paddi/.omnisharp/omnisharp-roslyn/omnisharp/.msbuild/Current/Bin/Roslyn\n            BypassFrameworkInstallChecks = true\n            MSBuildExtensionsPath = /home/paddi/.omnisharp/omnisharp-roslyn/omnisharp/.msbuild"},"Seq":5,"Type":"event"}
process 955272 run  {"Event":"log","Body":{"LogLevel":"INFORMATION","Name":"OmniSharp.Cake.CakeProjectSystem","Message":"Detecting Cake files in '/home/paddi/Projects/Websites/Kolan'."},"Seq":6,"Type":"event"}
process 955272 run  {"Event":"log","Body":{"LogLevel":"INFORMATION","Name":"OmniSharp.Cake.CakeProjectSystem","Message":"Could not find any Cake files"},"Seq":7,"Type":"event"}
process 955272 run  {"Event":"log","Body":{"LogLevel":"INFORMATION","Name":"OmniSharp.MSBuild.ProjectSystem","Message":"Detecting projects in '/home/paddi/Projects/Websites/Kolan/Kolan.sln'."},"Seq":8,"Type":"event"}
process 955272 run  {"Event":"log","Body":{"LogLevel":"INFORMATION","Name":"OmniSharp.MSBuild.ProjectManager","Message":"Queue project update for '/home/paddi/Projects/Websites/Kolan/Kolan/Kolan.csproj'"},"Seq":9,"Type":"event"}
process 955272 run  {"Event":"log","Body":{"LogLevel":"INFORMATION","Name":"OmniSharp.MSBuild.ProjectManager","Message":"Queue project update for '/home/paddi/Projects/Websites/Kolan/Kolan.Tests/Kolan.Tests.csproj'"},"Seq":10,"Type":"event"}
process 955272 run  {"Event":"log","Body":{"LogLevel":"INFORMATION","Name":"OmniSharp.Script.ScriptProjectSystem","Message":"Detecting CSX files in '/home/paddi/Projects/Websites/Kolan'."},"Seq":11,"Type":"event"}
process 955272 run  {"Event":"log","Body":{"LogLevel":"INFORMATION","Name":"OmniSharp.Script.ScriptProjectSystem","Message":"Could not find any CSX files"},"Seq":12,"Type":"event"}
process 955272 run  {"Event":"log","Body":{"LogLevel":"INFORMATION","Name":"OmniSharp.WorkspaceInitializer","Message":"Invoking Workspace Options Provider: OmniSharp.Roslyn.CSharp.Services.CSharpFormattingWorkspaceOptionsProvider, Order: 0"},"Seq":13,"Type":"event"}
process 955272 run  {"Event":"log","Body":{"LogLevel":"INFORMATION","Name":"OmniSharp.MSBuild.ProjectManager","Message":"Loading project: /home/paddi/Projects/Websites/Kolan/Kolan/Kolan.csproj"},"Seq":14,"Type":"event"}
process 955272 run  {"Event":"log","Body":{"LogLevel":"INFORMATION","Name":"OmniSharp.WorkspaceInitializer","Message":"Invoking Workspace Options Provider: OmniSharp.Roslyn.CSharp.Services.RenameWorkspaceOptionsProvider, Order: 100"},"Seq":15,"Type":"event"}
process 955272 run  {"Event":"log","Body":{"LogLevel":"INFORMATION","Name":"OmniSharp.WorkspaceInitializer","Message":"Invoking Workspace Options Provider: OmniSharp.Roslyn.CSharp.Services.EditorConfigWorkspaceOptionsProvider, Order: 200"},"Seq":16,"Type":"event"}
process 955272 run  {"Event":"log","Body":{"LogLevel":"INFORMATION","Name":"OmniSharp.WorkspaceInitializer","Message":"Configuration finished."},"Seq":17,"Type":"event"}
process 955272 run  {"Event":"log","Body":{"LogLevel":"INFORMATION","Name":"OmniSharp.Stdio.Host","Message":"Omnisharp server running using Stdio at location '/home/paddi/Projects/Websites/Kolan' on host -1."},"Seq":19,"Type":"event"}
process 955272 run  {"Event":"log","Body":{"LogLevel":"INFORMATION","Name":"OmniSharp.MSBuild.ProjectManager","Message":"Successfully loaded project file '/home/paddi/Projects/Websites/Kolan/Kolan/Kolan.csproj'."},"Seq":20,"Type":"event"}
process 955272 run  {"Event":"log","Body":{"LogLevel":"INFORMATION","Name":"OmniSharp.MSBuild.ProjectManager","Message":"Adding project '/home/paddi/Projects/Websites/Kolan/Kolan/Kolan.csproj'"},"Seq":22,"Type":"event"}
process 955272 run  {"Event":"log","Body":{"LogLevel":"INFORMATION","Name":"OmniSharp.MSBuild.ProjectManager","Message":"Loading project: /home/paddi/Projects/Websites/Kolan/Kolan.Tests/Kolan.Tests.csproj"},"Seq":23,"Type":"event"}
process 955272 run  {"Event":"log","Body":{"LogLevel":"INFORMATION","Name":"OmniSharp.MSBuild.ProjectManager","Message":"Successfully loaded project file '/home/paddi/Projects/Websites/Kolan/Kolan.Tests/Kolan.Tests.csproj'."},"Seq":24,"Type":"event"}
process 955272 run  {"Event":"log","Body":{"LogLevel":"INFORMATION","Name":"OmniSharp.MSBuild.ProjectManager","Message":"Adding project '/home/paddi/Projects/Websites/Kolan/Kolan.Tests/Kolan.Tests.csproj'"},"Seq":26,"Type":"event"}
process 955272 run  {"Event":"log","Body":{"LogLevel":"INFORMATION","Name":"OmniSharp.MSBuild.ProjectManager","Message":"Update project: Kolan"},"Seq":27,"Type":"event"}
process 955272 run  {"Event":"log","Body":{"LogLevel":"INFORMATION","Name":"OmniSharp.MSBuild.ProjectManager","Message":"Update project: Kolan.Tests"},"Seq":29,"Type":"event"}
process 955658 run  {"Event":"log","Body":{"LogLevel":"INFORMATION","Name":"OmniSharp.Stdio.Host","Message":"Starting OmniSharp on arch 0.0 (x64)"},"Seq":1,"Type":"event"}
process 955658 run  {"Event":"log","Body":{"LogLevel":"INFORMATION","Name":"OmniSharp.Services.DotNetCliService","Message":"DotNetPath set to dotnet"},"Seq":2,"Type":"event"}
process 955658 run  {"Event":"log","Body":{"LogLevel":"INFORMATION","Name":"OmniSharp.MSBuild.Discovery.MSBuildLocator","Message":"Located 1 MSBuild instance(s)\n            1: StandAlone 16.3 - \"/home/paddi/.omnisharp/omnisharp-roslyn/omnisharp/.msbuild/Current/Bin\""},"Seq":3,"Type":"event"}
process 955658 run  {"Event":"log","Body":{"LogLevel":"INFORMATION","Name":"OmniSharp.MSBuild.Discovery.MSBuildLocator","Message":"MSBUILD_EXE_PATH environment variable set to '/home/paddi/.omnisharp/omnisharp-roslyn/omnisharp/.msbuild/Current/Bin/MSBuild.dll'"},"Seq":4,"Type":"event"}
process 955658 run  {"Event":"log","Body":{"LogLevel":"INFORMATION","Name":"OmniSharp.MSBuild.Discovery.MSBuildLocator","Message":"Registered MSBuild instance: StandAlone 16.3 - \"/home/paddi/.omnisharp/omnisharp-roslyn/omnisharp/.msbuild/Current/Bin\"\n            CscToolExe = csc.exe\n            MSBuildToolsPath = /home/paddi/.omnisharp/omnisharp-roslyn/omnisharp/.msbuild/Current/Bin\n            CscToolPath = /home/paddi/.omnisharp/omnisharp-roslyn/omnisharp/.msbuild/Current/Bin/Roslyn\n            BypassFrameworkInstallChecks = true\n            MSBuildExtensionsPath = /home/paddi/.omnisharp/omnisharp-roslyn/omnisharp/.msbuild"},"Seq":5,"Type":"event"}
process 955658 run  {"Event":"log","Body":{"LogLevel":"INFORMATION","Name":"OmniSharp.Cake.CakeProjectSystem","Message":"Detecting Cake files in '/home/paddi/Projects/Websites/Kolan'."},"Seq":6,"Type":"event"}
process 955658 run  {"Event":"log","Body":{"LogLevel":"INFORMATION","Name":"OmniSharp.Cake.CakeProjectSystem","Message":"Could not find any Cake files"},"Seq":7,"Type":"event"}
process 955658 run  {"Event":"log","Body":{"LogLevel":"INFORMATION","Name":"OmniSharp.MSBuild.ProjectSystem","Message":"Detecting projects in '/home/paddi/Projects/Websites/Kolan/Kolan.sln'."},"Seq":8,"Type":"event"}
process 955658 run  {"Event":"log","Body":{"LogLevel":"INFORMATION","Name":"OmniSharp.MSBuild.ProjectManager","Message":"Queue project update for '/home/paddi/Projects/Websites/Kolan/Kolan/Kolan.csproj'"},"Seq":9,"Type":"event"}
process 955658 run  {"Event":"log","Body":{"LogLevel":"INFORMATION","Name":"OmniSharp.MSBuild.ProjectManager","Message":"Queue project update for '/home/paddi/Projects/Websites/Kolan/Kolan.Tests/Kolan.Tests.csproj'"},"Seq":10,"Type":"event"}
process 955658 run  {"Event":"log","Body":{"LogLevel":"INFORMATION","Name":"OmniSharp.Script.ScriptProjectSystem","Message":"Detecting CSX files in '/home/paddi/Projects/Websites/Kolan'."},"Seq":11,"Type":"event"}
process 955658 run  {"Event":"log","Body":{"LogLevel":"INFORMATION","Name":"OmniSharp.Script.ScriptProjectSystem","Message":"Could not find any CSX files"},"Seq":12,"Type":"event"}
process 955658 run  {"Event":"log","Body":{"LogLevel":"INFORMATION","Name":"OmniSharp.WorkspaceInitializer","Message":"Invoking Workspace Options Provider: OmniSharp.Roslyn.CSharp.Services.CSharpFormattingWorkspaceOptionsProvider, Order: 0"},"Seq":13,"Type":"event"}
process 955658 run  {"Event":"log","Body":{"LogLevel":"INFORMATION","Name":"OmniSharp.MSBuild.ProjectManager","Message":"Loading project: /home/paddi/Projects/Websites/Kolan/Kolan/Kolan.csproj"},"Seq":14,"Type":"event"}
process 955658 run  {"Event":"log","Body":{"LogLevel":"INFORMATION","Name":"OmniSharp.WorkspaceInitializer","Message":"Invoking Workspace Options Provider: OmniSharp.Roslyn.CSharp.Services.RenameWorkspaceOptionsProvider, Order: 100"},"Seq":15,"Type":"event"}
process 955658 run  {"Event":"log","Body":{"LogLevel":"INFORMATION","Name":"OmniSharp.WorkspaceInitializer","Message":"Invoking Workspace Options Provider: OmniSharp.Roslyn.CSharp.Services.EditorConfigWorkspaceOptionsProvider, Order: 200"},"Seq":16,"Type":"event"}
process 955658 run  {"Event":"log","Body":{"LogLevel":"INFORMATION","Name":"OmniSharp.WorkspaceInitializer","Message":"Configuration finished."},"Seq":17,"Type":"event"}
process 955658 run  {"Event":"log","Body":{"LogLevel":"INFORMATION","Name":"OmniSharp.Stdio.Host","Message":"Omnisharp server running using Stdio at location '/home/paddi/Projects/Websites/Kolan' on host -1."},"Seq":18,"Type":"event"}
process 955691 run  {"Event":"log","Body":{"LogLevel":"INFORMATION","Name":"OmniSharp.Stdio.Host","Message":"Starting OmniSharp on arch 0.0 (x64)"},"Seq":1,"Type":"event"}
process 955691 run  {"Event":"log","Body":{"LogLevel":"INFORMATION","Name":"OmniSharp.Services.DotNetCliService","Message":"DotNetPath set to dotnet"},"Seq":2,"Type":"event"}
process 955691 run  {"Event":"log","Body":{"LogLevel":"INFORMATION","Name":"OmniSharp.MSBuild.Discovery.MSBuildLocator","Message":"Located 1 MSBuild instance(s)\n            1: StandAlone 16.3 - \"/home/paddi/.omnisharp/omnisharp-roslyn/omnisharp/.msbuild/Current/Bin\""},"Seq":3,"Type":"event"}
process 955691 run  {"Event":"log","Body":{"LogLevel":"INFORMATION","Name":"OmniSharp.MSBuild.Discovery.MSBuildLocator","Message":"MSBUILD_EXE_PATH environment variable set to '/home/paddi/.omnisharp/omnisharp-roslyn/omnisharp/.msbuild/Current/Bin/MSBuild.dll'"},"Seq":4,"Type":"event"}
process 955691 run  {"Event":"log","Body":{"LogLevel":"INFORMATION","Name":"OmniSharp.MSBuild.Discovery.MSBuildLocator","Message":"Registered MSBuild instance: StandAlone 16.3 - \"/home/paddi/.omnisharp/omnisharp-roslyn/omnisharp/.msbuild/Current/Bin\"\n            CscToolExe = csc.exe\n            MSBuildToolsPath = /home/paddi/.omnisharp/omnisharp-roslyn/omnisharp/.msbuild/Current/Bin\n            CscToolPath = /home/paddi/.omnisharp/omnisharp-roslyn/omnisharp/.msbuild/Current/Bin/Roslyn\n            BypassFrameworkInstallChecks = true\n            MSBuildExtensionsPath = /home/paddi/.omnisharp/omnisharp-roslyn/omnisharp/.msbuild"},"Seq":5,"Type":"event"}
process 955691 run  {"Event":"log","Body":{"LogLevel":"INFORMATION","Name":"OmniSharp.Cake.CakeProjectSystem","Message":"Detecting Cake files in '/home/paddi/Projects/Websites/Kolan'."},"Seq":6,"Type":"event"}
process 955691 run  {"Event":"log","Body":{"LogLevel":"INFORMATION","Name":"OmniSharp.Cake.CakeProjectSystem","Message":"Could not find any Cake files"},"Seq":7,"Type":"event"}
process 955691 run  {"Event":"log","Body":{"LogLevel":"INFORMATION","Name":"OmniSharp.MSBuild.ProjectSystem","Message":"Detecting projects in '/home/paddi/Projects/Websites/Kolan/Kolan.sln'."},"Seq":8,"Type":"event"}
process 955691 run  {"Event":"log","Body":{"LogLevel":"INFORMATION","Name":"OmniSharp.MSBuild.ProjectManager","Message":"Queue project update for '/home/paddi/Projects/Websites/Kolan/Kolan/Kolan.csproj'"},"Seq":9,"Type":"event"}
process 955691 run  {"Event":"log","Body":{"LogLevel":"INFORMATION","Name":"OmniSharp.MSBuild.ProjectManager","Message":"Queue project update for '/home/paddi/Projects/Websites/Kolan/Kolan.Tests/Kolan.Tests.csproj'"},"Seq":10,"Type":"event"}
process 955691 run  {"Event":"log","Body":{"LogLevel":"INFORMATION","Name":"OmniSharp.Script.ScriptProjectSystem","Message":"Detecting CSX files in '/home/paddi/Projects/Websites/Kolan'."},"Seq":11,"Type":"event"}
process 955691 run  {"Event":"log","Body":{"LogLevel":"INFORMATION","Name":"OmniSharp.Script.ScriptProjectSystem","Message":"Could not find any CSX files"},"Seq":12,"Type":"event"}
process 955691 run  {"Event":"log","Body":{"LogLevel":"INFORMATION","Name":"OmniSharp.WorkspaceInitializer","Message":"Invoking Workspace Options Provider: OmniSharp.Roslyn.CSharp.Services.CSharpFormattingWorkspaceOptionsProvider, Order: 0"},"Seq":13,"Type":"event"}
process 955691 run  {"Event":"log","Body":{"LogLevel":"INFORMATION","Name":"OmniSharp.MSBuild.ProjectManager","Message":"Loading project: /home/paddi/Projects/Websites/Kolan/Kolan/Kolan.csproj"},"Seq":14,"Type":"event"}
process 955691 run  {"Event":"log","Body":{"LogLevel":"INFORMATION","Name":"OmniSharp.WorkspaceInitializer","Message":"Invoking Workspace Options Provider: OmniSharp.Roslyn.CSharp.Services.RenameWorkspaceOptionsProvider, Order: 100"},"Seq":15,"Type":"event"}
process 955691 run  {"Event":"log","Body":{"LogLevel":"INFORMATION","Name":"OmniSharp.WorkspaceInitializer","Message":"Invoking Workspace Options Provider: OmniSharp.Roslyn.CSharp.Services.EditorConfigWorkspaceOptionsProvider, Order: 200"},"Seq":16,"Type":"event"}
process 955691 run  {"Event":"log","Body":{"LogLevel":"INFORMATION","Name":"OmniSharp.WorkspaceInitializer","Message":"Configuration finished."},"Seq":17,"Type":"event"}
process 955691 run  {"Event":"log","Body":{"LogLevel":"INFORMATION","Name":"OmniSharp.Stdio.Host","Message":"Omnisharp server running using Stdio at location '/home/paddi/Projects/Websites/Kolan' on host -1."},"Seq":18,"Type":"event"}
process 955691 run  {"Event":"log","Body":{"LogLevel":"INFORMATION","Name":"OmniSharp.MSBuild.ProjectManager","Message":"Successfully loaded project file '/home/paddi/Projects/Websites/Kolan/Kolan/Kolan.csproj'."},"Seq":20,"Type":"event"}
process 955691 run  {"Event":"log","Body":{"LogLevel":"INFORMATION","Name":"OmniSharp.MSBuild.ProjectManager","Message":"Adding project '/home/paddi/Projects/Websites/Kolan/Kolan/Kolan.csproj'"},"Seq":22,"Type":"event"}
process 955691 run  {"Event":"log","Body":{"LogLevel":"INFORMATION","Name":"OmniSharp.MSBuild.ProjectManager","Message":"Loading project: /home/paddi/Projects/Websites/Kolan/Kolan.Tests/Kolan.Tests.csproj"},"Seq":23,"Type":"event"}
process 955691 run  {"Event":"log","Body":{"LogLevel":"INFORMATION","Name":"OmniSharp.MSBuild.ProjectManager","Message":"Successfully loaded project file '/home/paddi/Projects/Websites/Kolan/Kolan.Tests/Kolan.Tests.csproj'."},"Seq":24,"Type":"event"}
process 955691 run  {"Event":"log","Body":{"LogLevel":"INFORMATION","Name":"OmniSharp.MSBuild.ProjectManager","Message":"Adding project '/home/paddi/Projects/Websites/Kolan/Kolan.Tests/Kolan.Tests.csproj'"},"Seq":26,"Type":"event"}
process 955691 run  {"Event":"log","Body":{"LogLevel":"INFORMATION","Name":"OmniSharp.MSBuild.ProjectManager","Message":"Update project: Kolan"},"Seq":27,"Type":"event"}
process 955691 run  {"Event":"log","Body":{"LogLevel":"INFORMATION","Name":"OmniSharp.MSBuild.ProjectManager","Message":"Update project: Kolan.Tests"},"Seq":29,"Type":"event"}
process 968465 run  {"Event":"log","Body":{"LogLevel":"INFORMATION","Name":"OmniSharp.Stdio.Host","Message":"Starting OmniSharp on arch 0.0 (x64)"},"Seq":1,"Type":"event"}
process 968465 run  {"Event":"log","Body":{"LogLevel":"INFORMATION","Name":"OmniSharp.Services.DotNetCliService","Message":"DotNetPath set to dotnet"},"Seq":2,"Type":"event"}
process 968465 run  {"Event":"log","Body":{"LogLevel":"INFORMATION","Name":"OmniSharp.MSBuild.Discovery.MSBuildLocator","Message":"Located 1 MSBuild instance(s)\n            1: StandAlone 16.3 - \"/home/paddi/.omnisharp/omnisharp-roslyn/omnisharp/.msbuild/Current/Bin\""},"Seq":3,"Type":"event"}
process 968465 run  {"Event":"log","Body":{"LogLevel":"INFORMATION","Name":"OmniSharp.MSBuild.Discovery.MSBuildLocator","Message":"MSBUILD_EXE_PATH environment variable set to '/home/paddi/.omnisharp/omnisharp-roslyn/omnisharp/.msbuild/Current/Bin/MSBuild.dll'"},"Seq":4,"Type":"event"}
process 968465 run  {"Event":"log","Body":{"LogLevel":"INFORMATION","Name":"OmniSharp.MSBuild.Discovery.MSBuildLocator","Message":"Registered MSBuild instance: StandAlone 16.3 - \"/home/paddi/.omnisharp/omnisharp-roslyn/omnisharp/.msbuild/Current/Bin\"\n            CscToolExe = csc.exe\n            MSBuildToolsPath = /home/paddi/.omnisharp/omnisharp-roslyn/omnisharp/.msbuild/Current/Bin\n            CscToolPath = /home/paddi/.omnisharp/omnisharp-roslyn/omnisharp/.msbuild/Current/Bin/Roslyn\n            BypassFrameworkInstallChecks = true\n            MSBuildExtensionsPath = /home/paddi/.omnisharp/omnisharp-roslyn/omnisharp/.msbuild"},"Seq":5,"Type":"event"}
process 968465 run  {"Event":"log","Body":{"LogLevel":"INFORMATION","Name":"OmniSharp.Cake.CakeProjectSystem","Message":"Detecting Cake files in '/home/paddi/Projects/Websites/Kolan'."},"Seq":6,"Type":"event"}
process 968465 run  {"Event":"log","Body":{"LogLevel":"INFORMATION","Name":"OmniSharp.Cake.CakeProjectSystem","Message":"Could not find any Cake files"},"Seq":7,"Type":"event"}
process 968465 run  {"Event":"log","Body":{"LogLevel":"INFORMATION","Name":"OmniSharp.MSBuild.ProjectSystem","Message":"Detecting projects in '/home/paddi/Projects/Websites/Kolan/Kolan.sln'."},"Seq":8,"Type":"event"}
process 968465 run  {"Event":"log","Body":{"LogLevel":"INFORMATION","Name":"OmniSharp.MSBuild.ProjectManager","Message":"Queue project update for '/home/paddi/Projects/Websites/Kolan/Kolan/Kolan.csproj'"},"Seq":9,"Type":"event"}
process 968465 run  {"Event":"log","Body":{"LogLevel":"INFORMATION","Name":"OmniSharp.MSBuild.ProjectManager","Message":"Queue project update for '/home/paddi/Projects/Websites/Kolan/Kolan.Tests/Kolan.Tests.csproj'"},"Seq":10,"Type":"event"}
process 968465 run  {"Event":"log","Body":{"LogLevel":"INFORMATION","Name":"OmniSharp.Script.ScriptProjectSystem","Message":"Detecting CSX files in '/home/paddi/Projects/Websites/Kolan'."},"Seq":11,"Type":"event"}
process 968465 run  {"Event":"log","Body":{"LogLevel":"INFORMATION","Name":"OmniSharp.Script.ScriptProjectSystem","Message":"Could not find any CSX files"},"Seq":12,"Type":"event"}
process 968465 run  {"Event":"log","Body":{"LogLevel":"INFORMATION","Name":"OmniSharp.WorkspaceInitializer","Message":"Invoking Workspace Options Provider: OmniSharp.Roslyn.CSharp.Services.CSharpFormattingWorkspaceOptionsProvider, Order: 0"},"Seq":13,"Type":"event"}
process 968465 run  {"Event":"log","Body":{"LogLevel":"INFORMATION","Name":"OmniSharp.MSBuild.ProjectManager","Message":"Loading project: /home/paddi/Projects/Websites/Kolan/Kolan/Kolan.csproj"},"Seq":14,"Type":"event"}
process 968465 run  {"Event":"log","Body":{"LogLevel":"INFORMATION","Name":"OmniSharp.WorkspaceInitializer","Message":"Invoking Workspace Options Provider: OmniSharp.Roslyn.CSharp.Services.RenameWorkspaceOptionsProvider, Order: 100"},"Seq":15,"Type":"event"}
process 968465 run  {"Event":"log","Body":{"LogLevel":"INFORMATION","Name":"OmniSharp.WorkspaceInitializer","Message":"Invoking Workspace Options Provider: OmniSharp.Roslyn.CSharp.Services.EditorConfigWorkspaceOptionsProvider, Order: 200"},"Seq":16,"Type":"event"}
process 968465 run  {"Event":"log","Body":{"LogLevel":"INFORMATION","Name":"OmniSharp.WorkspaceInitializer","Message":"Configuration finished."},"Seq":17,"Type":"event"}
process 968465 run  {"Event":"log","Body":{"LogLevel":"INFORMATION","Name":"OmniSharp.Stdio.Host","Message":"Omnisharp server running using Stdio at location '/home/paddi/Projects/Websites/Kolan' on host -1."},"Seq":18,"Type":"event"}
process 968465 run  {"Event":"log","Body":{"LogLevel":"INFORMATION","Name":"OmniSharp.MSBuild.ProjectManager","Message":"Successfully loaded project file '/home/paddi/Projects/Websites/Kolan/Kolan/Kolan.csproj'."},"Seq":20,"Type":"event"}
process 968465 run  {"Event":"log","Body":{"LogLevel":"INFORMATION","Name":"OmniSharp.MSBuild.ProjectManager","Message":"Adding project '/home/paddi/Projects/Websites/Kolan/Kolan/Kolan.csproj'"},"Seq":22,"Type":"event"}
process 968465 run  {"Event":"log","Body":{"LogLevel":"INFORMATION","Name":"OmniSharp.MSBuild.ProjectManager","Message":"Loading project: /home/paddi/Projects/Websites/Kolan/Kolan.Tests/Kolan.Tests.csproj"},"Seq":23,"Type":"event"}
process 968465 run  {"Event":"log","Body":{"LogLevel":"INFORMATION","Name":"OmniSharp.MSBuild.ProjectManager","Message":"Successfully loaded project file '/home/paddi/Projects/Websites/Kolan/Kolan.Tests/Kolan.Tests.csproj'."},"Seq":24,"Type":"event"}
process 968465 run  {"Event":"log","Body":{"LogLevel":"INFORMATION","Name":"OmniSharp.MSBuild.ProjectManager","Message":"Adding project '/home/paddi/Projects/Websites/Kolan/Kolan.Tests/Kolan.Tests.csproj'"},"Seq":26,"Type":"event"}
process 968465 run  {"Event":"log","Body":{"LogLevel":"INFORMATION","Name":"OmniSharp.MSBuild.ProjectManager","Message":"Update project: Kolan"},"Seq":27,"Type":"event"}
process 968465 run  {"Event":"log","Body":{"LogLevel":"INFORMATION","Name":"OmniSharp.MSBuild.ProjectManager","Message":"Update project: Kolan.Tests"},"Seq":29,"Type":"event"}
